[    0.000000] Initializing cgroup subsys cpuset
[    0.000000] Initializing cgroup subsys cpu
[    0.000000] Initializing cgroup subsys cpuacct
[    0.000000] Linux version 4.4.0-210-generic (buildd@lgw01-amd64-009) (gcc version 5.4.0 20160609 (Ubuntu 5.4.0-6ubuntu1~16.04.12) ) #242-Ubuntu SMP Fri Apr 16 09:57:56 UTC 2021 (Ubuntu 4.4.0-210.242-generic 4.4.262)
[    0.000000] Command line: BOOT_IMAGE=/boot/vmlinuz-4.4.0-210-generic root=UUID=ce38f626-b02a-496e-9acf-8cacdd6a07eb ro console=tty1 console=ttyS0
[    0.000000] KERNEL supported cpus:
[    0.000000]   Intel GenuineIntel
[    0.000000]   AMD AuthenticAMD
[    0.000000]   Centaur CentaurHauls
[    0.000000] x86/fpu: xstate_offset[2]:  576, xstate_sizes[2]:  256
[    0.000000] x86/fpu: Supporting XSAVE feature 0x01: 'x87 floating point registers'
[    0.000000] x86/fpu: Supporting XSAVE feature 0x02: 'SSE registers'
[    0.000000] x86/fpu: Supporting XSAVE feature 0x04: 'AVX registers'
[    0.000000] x86/fpu: Enabled xstate features 0x7, context size is 832 bytes, using 'standard' format.
[    0.000000] e820: BIOS-provided physical RAM map:
[    0.000000] BIOS-e820: [mem 0x0000000000000000-0x000000000009fbff] usable
[    0.000000] BIOS-e820: [mem 0x000000000009fc00-0x000000000009ffff] reserved
[    0.000000] BIOS-e820: [mem 0x00000000000f0000-0x00000000000fffff] reserved
[    0.000000] BIOS-e820: [mem 0x0000000000100000-0x000000003ffeffff] usable
[    0.000000] BIOS-e820: [mem 0x000000003fff0000-0x000000003fffffff] ACPI data
[    0.000000] BIOS-e820: [mem 0x00000000fec00000-0x00000000fec00fff] reserved
[    0.000000] BIOS-e820: [mem 0x00000000fee00000-0x00000000fee00fff] reserved
[    0.000000] BIOS-e820: [mem 0x00000000fffc0000-0x00000000ffffffff] reserved
[    0.000000] NX (Execute Disable) protection: active
[    0.000000] SMBIOS 2.5 present.
[    0.000000] Hypervisor detected: KVM
[    0.000000] e820: last_pfn = 0x3fff0 max_arch_pfn = 0x400000000
[    0.000000] MTRR: Disabled
[    0.000000] x86/PAT: MTRRs disabled, skipping PAT initialization too.
[    0.000000] CPU MTRRs all blank - virtualized system.
[    0.000000] x86/PAT: Configuration [0-7]: WB  WT  UC- UC  WB  WT  UC- UC  
[    0.000000] found SMP MP-table at [mem 0x0009fff0-0x0009ffff] mapped at [ffff88000009fff0]
[    0.000000] Scanning 1 areas for low memory corruption
[    0.000000] RAMDISK: [mem 0x362de000-0x37166fff]
[    0.000000] ACPI: Early table checksum verification disabled
[    0.000000] ACPI: RSDP 0x00000000000E0000 000024 (v02 VBOX  )
[    0.000000] ACPI: XSDT 0x000000003FFF0030 00003C (v01 VBOX   VBOXXSDT 00000001 ASL  00000061)
[    0.000000] ACPI: FACP 0x000000003FFF00F0 0000F4 (v04 VBOX   VBOXFACP 00000001 ASL  00000061)
[    0.000000] ACPI: DSDT 0x000000003FFF0470 002325 (v02 VBOX   VBOXBIOS 00000002 INTL 20100528)
[    0.000000] ACPI: FACS 0x000000003FFF0200 000040
[    0.000000] ACPI: FACS 0x000000003FFF0200 000040
[    0.000000] ACPI: APIC 0x000000003FFF0240 00005C (v02 VBOX   VBOXAPIC 00000001 ASL  00000061)
[    0.000000] ACPI: SSDT 0x000000003FFF02A0 0001CC (v01 VBOX   VBOXCPUT 00000002 INTL 20100528)
[    0.000000] No NUMA configuration found
[    0.000000] Faking a node at [mem 0x0000000000000000-0x000000003ffeffff]
[    0.000000] NODE_DATA(0) allocated [mem 0x3ffeb000-0x3ffeffff]
[    0.000000] kvm-clock: Using msrs 4b564d01 and 4b564d00
[    0.000000] kvm-clock: cpu 0, msr 0:3ffe3001, primary cpu clock
[    0.000000] kvm-clock: using sched offset of 4651779924 cycles
[    0.000000] clocksource: kvm-clock: mask: 0xffffffffffffffff max_cycles: 0x1cd42e4dffb, max_idle_ns: 881590591483 ns
[    0.000000] Zone ranges:
[    0.000000]   DMA      [mem 0x0000000000001000-0x0000000000ffffff]
[    0.000000]   DMA32    [mem 0x0000000001000000-0x000000003ffeffff]
[    0.000000]   Normal   empty
[    0.000000]   Device   empty
[    0.000000] Movable zone start for each node
[    0.000000] Early memory node ranges
[    0.000000]   node   0: [mem 0x0000000000001000-0x000000000009efff]
[    0.000000]   node   0: [mem 0x0000000000100000-0x000000003ffeffff]
[    0.000000] Initmem setup node 0 [mem 0x0000000000001000-0x000000003ffeffff]
[    0.000000] ACPI: PM-Timer IO Port: 0x4008
[    0.000000] IOAPIC[0]: apic_id 2, version 32, address 0xfec00000, GSI 0-23
[    0.000000] ACPI: INT_SRC_OVR (bus 0 bus_irq 0 global_irq 2 dfl dfl)
[    0.000000] ACPI: INT_SRC_OVR (bus 0 bus_irq 9 global_irq 9 low level)
[    0.000000] Using ACPI (MADT) for SMP configuration information
[    0.000000] smpboot: Allowing 2 CPUs, 0 hotplug CPUs
[    0.000000] PM: Registered nosave memory: [mem 0x00000000-0x00000fff]
[    0.000000] PM: Registered nosave memory: [mem 0x0009f000-0x0009ffff]
[    0.000000] PM: Registered nosave memory: [mem 0x000a0000-0x000effff]
[    0.000000] PM: Registered nosave memory: [mem 0x000f0000-0x000fffff]
[    0.000000] e820: [mem 0x40000000-0xfebfffff] available for PCI devices
[    0.000000] Booting paravirtualized kernel on KVM
[    0.000000] clocksource: refined-jiffies: mask: 0xffffffff max_cycles: 0xffffffff, max_idle_ns: 7645519600211568 ns
[    0.000000] setup_percpu: NR_CPUS:512 nr_cpumask_bits:512 nr_cpu_ids:2 nr_node_ids:1
[    0.000000] PERCPU: Embedded 33 pages/cpu @ffff88003fc00000 s95192 r8192 d31784 u1048576
[    0.000000] Built 1 zonelists in Node order, mobility grouping on.  Total pages: 257912
[    0.000000] Policy zone: DMA32
[    0.000000] Kernel command line: BOOT_IMAGE=/boot/vmlinuz-4.4.0-210-generic root=UUID=ce38f626-b02a-496e-9acf-8cacdd6a07eb ro console=tty1 console=ttyS0
[    0.000000] PID hash table entries: 4096 (order: 3, 32768 bytes)
[    0.000000] Memory: 997796K/1048120K available (8644K kernel code, 1332K rwdata, 4044K rodata, 1492K init, 1164K bss, 50324K reserved, 0K cma-reserved)
[    0.000000] SLUB: HWalign=64, Order=0-3, MinObjects=0, CPUs=2, Nodes=1
[    0.000000] Kernel/User page tables isolation: enabled
[    0.000000] Hierarchical RCU implementation.
[    0.000000] 	Build-time adjustment of leaf fanout to 64.
[    0.000000] 	RCU restricting CPUs from NR_CPUS=512 to nr_cpu_ids=2.
[    0.000000] RCU: Adjusting geometry for rcu_fanout_leaf=64, nr_cpu_ids=2
[    0.000000] NR_IRQS:33024 nr_irqs:440 16
[    0.000000] Console: colour VGA+ 80x25
[    0.000000] console [tty1] enabled
[    0.000000] console [ttyS0] enabled
[    0.000000] tsc: Detected 2294.688 MHz processor
[    0.463950] Calibrating delay loop (skipped) preset value.. 4589.37 BogoMIPS (lpj=9178752)
[    0.468521] pid_max: default: 32768 minimum: 301
[    0.471179] ACPI: Core revision 20150930
[    0.478096] ACPI: 2 ACPI AML tables successfully acquired and loaded
[    0.481231] Security Framework initialized
[    0.483970] Yama: becoming mindful.
[    0.486119] AppArmor: AppArmor initialized
[    0.488637] Dentry cache hash table entries: 131072 (order: 8, 1048576 bytes)
[    0.496558] Inode-cache hash table entries: 65536 (order: 7, 524288 bytes)
[    0.500120] Mount-cache hash table entries: 2048 (order: 2, 16384 bytes)
[    0.503032] Mountpoint-cache hash table entries: 2048 (order: 2, 16384 bytes)
[    0.506484] Initializing cgroup subsys io
[    0.509329] Initializing cgroup subsys memory
[    0.512213] Initializing cgroup subsys devices
[    0.515297] Initializing cgroup subsys freezer
[    0.518054] Initializing cgroup subsys net_cls
[    0.521468] Initializing cgroup subsys perf_event
[    0.524361] Initializing cgroup subsys net_prio
[    0.527277] Initializing cgroup subsys hugetlb
[    0.530212] Initializing cgroup subsys pids
[    0.534294] mce: CPU supports 0 MCE banks
[    0.536884] Last level iTLB entries: 4KB 64, 2MB 8, 4MB 8
[    0.539915] Last level dTLB entries: 4KB 64, 2MB 0, 4MB 0, 1GB 4
[    0.542718] Spectre V1 : Mitigation: usercopy/swapgs barriers and __user pointer sanitization
[    0.549962] Spectre V2 : Mitigation: Full generic retpoline
[    0.553496] Spectre V2 : Spectre v2 / SpectreRSB mitigation: Filling RSB on context switch
[    0.558803] Speculative Store Bypass: Vulnerable
[    0.563994] SRBDS: Unknown: Dependent on hypervisor status
[    0.567560] MDS: Mitigation: Clear CPU buffers
[    0.580653] Freeing SMP alternatives memory: 36K
[    0.604112] ftrace: allocating 32380 entries in 127 pages
[    0.757732] smpboot: APIC(0) Converting physical 0 to logical package 0
[    0.761317] smpboot: Max logical packages: 1
[    0.764569] x2apic enabled
[    0.767246] Switched APIC routing to physical x2apic.
[    0.773159] ..TIMER: vector=0x30 apic1=0 pin1=2 apic2=-1 pin2=-1
[    0.884208] smpboot: CPU0: Intel(R) Core(TM) i5-5300U CPU @ 2.30GHz (family: 0x6, model: 0x3d, stepping: 0x4)
[    0.889754] Performance Events: unsupported p6 CPU model 61 no PMU driver, software events only.
[    0.916795] KVM setup paravirtual spinlock
[    0.921028] x86: Booting SMP configuration:
[    0.924006] .... node  #0, CPUs:      #1
[    0.927027] kvm-clock: cpu 1, msr 0:3ffe3041, secondary cpu clock
[    0.933428] mce: CPU supports 0 MCE banks
[    0.938947] x86: Booted up 1 node, 2 CPUs
[    0.941772] smpboot: Total of 2 processors activated (9178.75 BogoMIPS)
[    0.947032] devtmpfs: initialized
[    0.963615] evm: security.selinux
[    0.965568] evm: security.SMACK64
[    0.967414] evm: security.SMACK64EXEC
[    0.969428] evm: security.SMACK64TRANSMUTE
[    0.971666] evm: security.SMACK64MMAP
[    0.973663] evm: security.ima
[    0.976006] evm: security.capability
[    0.979095] clocksource: jiffies: mask: 0xffffffff max_cycles: 0xffffffff, max_idle_ns: 7645041785100000 ns
[    0.985312] futex hash table entries: 512 (order: 3, 32768 bytes)
[    0.988866] pinctrl core: initialized pinctrl subsystem
[    0.992233] RTC time:  1:10:31, date: 08/10/21
[    0.996134] NET: Registered protocol family 16
[    1.009833] cpuidle: using governor ladder
[    1.021403] cpuidle: using governor menu
[    1.023597] PCCT header not found.
[    1.026131] ACPI: bus type PCI registered
[    1.029250] acpiphp: ACPI Hot Plug PCI Controller Driver version: 0.5
[    1.032474] PCI: Using configuration type 1 for base access
[    1.050528] ACPI: Added _OSI(Module Device)
[    1.052886] ACPI: Added _OSI(Processor Device)
[    1.055141] ACPI: Added _OSI(3.0 _SCP Extensions)
[    1.060191] ACPI: Added _OSI(Processor Aggregator Device)
[    1.065188] ACPI: Executed 1 blocks of module-level executable AML code
[    1.075903] ACPI: Interpreter enabled
[    1.078104] ACPI: (supports S0 S5)
[    1.080137] ACPI: Using IOAPIC for interrupt routing
[    1.084009] PCI: Using host bridge windows from ACPI; if necessary, use "pci=nocrs" and report a bug
[    1.101823] ACPI: PCI Root Bridge [PCI0] (domain 0000 [bus 00-ff])
[    1.105587] acpi PNP0A03:00: _OSC: OS supports [ASPM ClockPM Segments MSI]
[    1.110743] acpi PNP0A03:00: _OSC: not requesting OS control; OS requires [ExtendedConfig ASPM ClockPM MSI]
[    1.117109] acpi PNP0A03:00: fail to add MMCONFIG information, can't access extended PCI configuration space under this bridge.
[    1.124589] PCI host bridge to bus 0000:00
[    1.127032] pci_bus 0000:00: root bus resource [io  0x0000-0x0cf7 window]
[    1.131262] pci_bus 0000:00: root bus resource [io  0x0d00-0xffff window]
[    1.134419] pci_bus 0000:00: root bus resource [mem 0x000a0000-0x000bffff window]
[    1.138468] pci_bus 0000:00: root bus resource [mem 0x40000000-0xfdffffff window]
[    1.142432] pci_bus 0000:00: root bus resource [bus 00-ff]
[    1.150199] pci 0000:00:01.1: legacy IDE quirk: reg 0x10: [io  0x01f0-0x01f7]
[    1.153338] pci 0000:00:01.1: legacy IDE quirk: reg 0x14: [io  0x03f6]
[    1.156430] pci 0000:00:01.1: legacy IDE quirk: reg 0x18: [io  0x0170-0x0177]
[    1.197282] pci 0000:00:01.1: legacy IDE quirk: reg 0x1c: [io  0x0376]
[    1.226016] pci 0000:00:07.0: quirk: [io  0x4000-0x403f] claimed by PIIX4 ACPI
[    1.230809] pci 0000:00:07.0: quirk: [io  0x4100-0x410f] claimed by PIIX4 SMB
[    1.247949] ACPI: PCI Interrupt Link [LNKA] (IRQs 5 9 10 *11)
[    1.253424] ACPI: PCI Interrupt Link [LNKB] (IRQs 5 9 *10 11)
[    1.258306] ACPI: PCI Interrupt Link [LNKC] (IRQs 5 *9 10 11)
[    1.263800] ACPI: PCI Interrupt Link [LNKD] (IRQs 5 9 10 *11)
[    1.268216] ACPI: Enabled 2 GPEs in block 00 to 07
[    1.271108] vgaarb: setting as boot device: PCI:0000:00:02.0
[    1.273803] vgaarb: device added: PCI:0000:00:02.0,decodes=io+mem,owns=io+mem,locks=none
[    1.281740] vgaarb: loaded
[    1.283377] vgaarb: bridge control possible 0000:00:02.0
[    1.287592] SCSI subsystem initialized
[    1.289997] ACPI: bus type USB registered
[    1.292313] usbcore: registered new interface driver usbfs
[    1.295111] usbcore: registered new interface driver hub
[    1.298229] usbcore: registered new device driver usb
[    1.302573] PCI: Using ACPI for IRQ routing
[    1.305246] NetLabel: Initializing
[    1.308875] NetLabel:  domain hash size = 128
[    1.311567] NetLabel:  protocols = UNLABELED CIPSOv4
[    1.315041] NetLabel:  unlabeled traffic allowed by default
[    1.318300] amd_nb: Cannot enumerate AMD northbridges
[    1.320779] clocksource: Switched to clocksource kvm-clock
[    1.342892] AppArmor: AppArmor Filesystem Enabled
[    1.345258] pnp: PnP ACPI init
[    1.349875] pnp: PnP ACPI: found 3 devices
[    1.364209] clocksource: acpi_pm: mask: 0xffffff max_cycles: 0xffffff, max_idle_ns: 2085701024 ns
[    1.370004] NET: Registered protocol family 2
[    1.373432] TCP established hash table entries: 8192 (order: 4, 65536 bytes)
[    1.377332] TCP bind hash table entries: 8192 (order: 5, 131072 bytes)
[    1.381424] TCP: Hash tables configured (established 8192 bind 8192)
[    1.385222] UDP hash table entries: 512 (order: 2, 16384 bytes)
[    1.389225] UDP-Lite hash table entries: 512 (order: 2, 16384 bytes)
[    1.393724] NET: Registered protocol family 1
[    1.396458] pci 0000:00:00.0: Limiting direct PCI/PCI transfers
[    1.401072] pci 0000:00:01.0: Activating ISA DMA hang workarounds
[    1.405364] Unpacking initramfs...
[    2.062544] Freeing initrd memory: 14884K
[    2.065564] RAPL PMU detected, API unit is 2^-32 Joules, 4 fixed counters 10737418240 ms ovfl timer
[    2.071448] hw unit of domain pp0-core 2^-0 Joules
[    2.075087] hw unit of domain package 2^-0 Joules
[    2.077791] hw unit of domain dram 2^-0 Joules
[    2.080335] hw unit of domain pp1-gpu 2^-0 Joules
[    2.083394] clocksource: tsc: mask: 0xffffffffffffffff max_cycles: 0x21139aef754, max_idle_ns: 440795211890 ns
[    2.089176] platform rtc_cmos: registered platform RTC device (no PNP device found)
[    2.093802] Scanning for low memory corruption every 60 seconds
[    2.097719] audit: initializing netlink subsys (disabled)
[    2.100585] audit: type=2000 audit(1628557838.060:1): initialized
[    2.104386] Initialise system trusted keyring
[    2.107333] HugeTLB registered 2 MB page size, pre-allocated 0 pages
[    2.116413] zbud: loaded
[    2.119185] VFS: Disk quotas dquot_6.6.0
[    2.121370] VFS: Dquot-cache hash table entries: 512 (order 0, 4096 bytes)
[    2.125378] squashfs: version 4.0 (2009/01/31) Phillip Lougher
[    2.129349] fuse init (API version 7.23)
[    2.132067] Key type big_key registered
[    2.134416] Allocating IMA MOK and blacklist keyrings.
[    2.138213] Key type asymmetric registered
[    2.141263] Asymmetric key parser 'x509' registered
[    2.146662] Block layer SCSI generic (bsg) driver version 0.4 loaded (major 249)
[    2.150941] io scheduler noop registered
[    2.153047] io scheduler deadline registered (default)
[    2.155577] io scheduler cfq registered
[    2.157783] pci_hotplug: PCI Hot Plug PCI Core version: 0.5
[    2.160462] pciehp: PCI Express Hot Plug Controller Driver version: 0.4
[    2.164074] ACPI: AC Adapter [AC] (on-line)
[    2.174559] input: Power Button as /devices/LNXSYSTM:00/LNXPWRBN:00/input/input0
[    2.179811] ACPI: Power Button [PWRF]
[    2.186586] input: Sleep Button as /devices/LNXSYSTM:00/LNXSLPBN:00/input/input1
[    2.192967] ACPI: Sleep Button [SLPF]
[    2.195648] GHES: HEST is not enabled!
[    2.198090] Serial: 8250/16550 driver, 32 ports, IRQ sharing enabled
[    2.199547] ACPI: Battery Slot [BAT0] (battery present)
[    2.226177] 00:02: ttyS0 at I/O 0x3f8 (irq = 4, base_baud = 115200) is a 16550A
[    2.233466] Linux agpgart interface v0.103
[    2.238797] loop: module loaded
[    2.243988] scsi host0: ata_piix
[    2.247172] scsi host1: ata_piix
[    2.249787] ata1: PATA max UDMA/33 cmd 0x1f0 ctl 0x3f6 bmdma 0xd000 irq 14
[    2.254175] ata2: PATA max UDMA/33 cmd 0x170 ctl 0x376 bmdma 0xd008 irq 15
[    2.258778] libphy: Fixed MDIO Bus: probed
[    2.261655] tun: Universal TUN/TAP device driver, 1.6
[    2.264176] tun: (C) 1999-2004 Max Krasnyansky <maxk@qualcomm.com>
[    2.267504] PPP generic driver version 2.4.2
[    2.269972] ehci_hcd: USB 2.0 'Enhanced' Host Controller (EHCI) Driver
[    2.273538] ehci-pci: EHCI PCI platform driver
[    2.281507] ehci-platform: EHCI generic platform driver
[    2.284230] ohci_hcd: USB 1.1 'Open' Host Controller (OHCI) Driver
[    2.287545] ohci-pci: OHCI PCI platform driver
[    2.290025] ohci-platform: OHCI generic platform driver
[    2.292849] uhci_hcd: USB Universal Host Controller Interface driver
[    2.296290] i8042: PNP: PS/2 Controller [PNP0303:PS2K,PNP0f03:PS2M] at 0x60,0x64 irq 1,12
[    2.302275] serio: i8042 KBD port at 0x60,0x64 irq 1
[    2.305075] serio: i8042 AUX port at 0x60,0x64 irq 12
[    2.308775] mousedev: PS/2 mouse device common for all mice
[    2.313654] input: AT Translated Set 2 keyboard as /devices/platform/i8042/serio0/input/input2
[    2.319673] rtc_cmos rtc_cmos: rtc core: registered rtc_cmos as rtc0
[    2.323766] rtc_cmos rtc_cmos: alarms up to one day, 114 bytes nvram
[    2.327464] i2c /dev entries driver
[    2.330170] device-mapper: uevent: version 1.0.3
[    2.333033] device-mapper: ioctl: 4.34.0-ioctl (2015-10-28) initialised: dm-devel@redhat.com
[    2.337846] ledtrig-cpu: registered to indicate activity on CPUs
[    2.341241] NET: Registered protocol family 10
[    2.344057] NET: Registered protocol family 17
[    2.346903] Key type dns_resolver registered
[    2.349850] registered taskstats version 1
[    2.352273] Loading compiled-in X.509 certificates
[    2.356090] Loaded X.509 cert 'Build time autogenerated kernel key: cf00e047681d67edb2720680708b7d9498083038'
[    2.361526] zswap: loaded using pool lzo/zbud
[    2.366356] Key type trusted registered
[    2.376006] Key type encrypted registered
[    2.378562] AppArmor: AppArmor sha1 policy hashing enabled
[    2.382415] ima: No TPM chip found, activating TPM-bypass!
[    2.385548] ima: Allocated hash algorithm: sha1
[    2.388813] evm: HMAC attrs: 0x1
[    2.392302]   Magic number: 1:482:154
[    2.394964] rtc_cmos rtc_cmos: setting system clock to 2021-08-10 01:10:33 UTC (1628557833)
[    2.401054] BIOS EDD facility v0.16 2004-Jun-25, 0 devices found
[    2.404705] EDD information not available.
[    2.444474] Freeing unused kernel memory: 1492K
[    2.447905] Write protecting the kernel read-only data: 14336k
[    2.452098] Freeing unused kernel memory: 1584K
[    2.456959] Freeing unused kernel memory: 52K
Loading, please wait...
starting version 229
[    2.485454] random: systemd-udevd: uninitialized urandom read (16 bytes read, 5 bits of entropy available)
[    2.486539] random: udevadm: uninitialized urandom read (16 bytes read, 5 bits of entropy available)
[    2.486593] random: udevadm: uninitialized urandom read (16 bytes read, 5 bits of entropy available)
[    2.505092] random: systemd-udevd: uninitialized urandom read (16 bytes read, 5 bits of entropy available)
[    2.512367] random: systemd-udevd: uninitialized urandom read (16 bytes read, 5 bits of entropy available)
[    2.514250] random: udevadm: uninitialized urandom read (16 bytes read, 5 bits of entropy available)
[    2.514369] random: udevadm: uninitialized urandom read (16 bytes read, 5 bits of entropy available)
[    2.514822] random: udevadm: uninitialized urandom read (16 bytes read, 5 bits of entropy available)
[    2.514975] random: udevadm: uninitialized urandom read (16 bytes read, 5 bits of entropy available)
[    2.515123] random: udevadm: uninitialized urandom read (16 bytes read, 5 bits of entropy available)
[    2.662369] e1000: Intel(R) PRO/1000 Network Driver - version 7.3.21-k8-NAPI
[    2.669481] e1000: Copyright (c) 1999-2006 Intel Corporation.
[    2.681494] Fusion MPT base driver 3.04.20
[    2.685142] Copyright (c) 1999-2008 LSI Corporation
[    2.711943] Fusion MPT SPI Host driver 3.04.20
[    2.776538] AVX2 version of gcm_enc/dec engaged.
[    2.779605] AES CTR mode by8 optimization enabled
[    2.907403] input: ImExPS/2 Generic Explorer Mouse as /devices/platform/i8042/serio1/input/input4
[    3.352813] e1000 0000:00:03.0 eth0: (PCI:33MHz:32-bit) 02:ed:98:3c:8e:82
[    3.356998] e1000 0000:00:03.0 eth0: Intel(R) PRO/1000 Network Connection
[    3.363224] e1000 0000:00:03.0 enp0s3: renamed from eth0
[    3.366655] mptbase: ioc0: Initiating bringup
[    3.430283] ioc0: LSI53C1030 A0: Capabilities={Initiator}
[    3.596180] scsi host2: ioc0: LSI53C1030 A0, FwRev=00000000h, Ports=1, MaxQ=256, IRQ=20
[    3.713498] scsi 2:0:0:0: Direct-Access     VBOX     HARDDISK         1.0  PQ: 0 ANSI: 5
[    3.719342] scsi target2:0:0: Beginning Domain Validation
[    3.725828] scsi target2:0:0: Domain Validation skipping write tests
[    3.729557] scsi target2:0:0: Ending Domain Validation
[    3.776501] scsi target2:0:0: asynchronous
[    3.780787] scsi 2:0:1:0: Direct-Access     VBOX     HARDDISK         1.0  PQ: 0 ANSI: 5
[    3.789663] scsi target2:0:1: Beginning Domain Validation
[    3.796245] scsi target2:0:1: Domain Validation skipping write tests
[    3.800965] scsi target2:0:1: Ending Domain Validation
[    3.804494] scsi target2:0:1: asynchronous
[    3.821517] sd 2:0:0:0: Attached scsi generic sg0 type 0
[    3.821568] sd 2:0:0:0: [sda] 83886080 512-byte logical blocks: (42.9 GB/40.0 GiB)
[    3.821945] sd 2:0:0:0: [sda] Write Protect is off
[    3.822289] sd 2:0:0:0: [sda] Incomplete mode parameter data
[    3.822294] sd 2:0:0:0: [sda] Assuming drive cache: write through
[    3.824005]  sda: sda1
[    3.825183] sd 2:0:0:0: [sda] Attached SCSI disk
[    3.852861] sd 2:0:1:0: Attached scsi generic sg1 type 0
[    3.853434] sd 2:0:1:0: [sdb] 20480 512-byte logical blocks: (10.5 MB/10.0 MiB)
[    3.853732] sd 2:0:1:0: [sdb] Write Protect is off
[    3.853937] sd 2:0:1:0: [sdb] Incomplete mode parameter data
[    3.853943] sd 2:0:1:0: [sdb] Assuming drive cache: write through
[    3.858555] sd 2:0:1:0: [sdb] Attached SCSI disk
Begin: Loading essential drivers ... [    6.559398] md: linear personality registered for level -1
[    6.568399] md: multipath personality registered for level -4
[    6.578062] md: raid0 personality registered for level 0
[    6.593285] md: raid1 personality registered for level 1
[    6.673094] raid6: sse2x1   gen()  1366 MB/s
[    6.744937] raid6: sse2x1   xor()   829 MB/s
[    6.818497] raid6: sse2x2   gen()  2188 MB/s
[    6.890321] raid6: sse2x2   xor()  1401 MB/s
[    6.960869] raid6: sse2x4   gen()  3414 MB/s
[    7.028899] raid6: sse2x4   xor()  1890 MB/s
[    7.096875] raid6: avx2x1   gen()  2626 MB/s
[    7.164971] raid6: avx2x2   gen()  4617 MB/s
[    7.236951] raid6: avx2x4   gen()  5803 MB/s
[    7.239727] raid6: using algorithm avx2x4 gen() 5803 MB/s
[    7.244648] raid6: using avx2x2 recovery algorithm
[    7.256665] xor: automatically using best checksumming function:
[    7.300855]    avx       :  9358.000 MB/sec
[    7.308183] async_tx: api initialized (async)
[    7.347822] md: raid6 personality registered for level 6
[    7.351845] md: raid5 personality registered for level 5
[    7.357977] md: raid4 personality registered for level 4
[    7.382879] md: raid10 personality registered for level 10
done.
Begin: Running /scripts/init-premount ... done.
Begin: Mounting root file system ... Begin: Running /scripts/local-top ... done.
Begin: Running /scripts/local-premount ... [    7.526428] Btrfs loaded
Scanning for Btrfs filesystems
done.
Warning: fsck not present, so skipping root file system
[    7.602102] EXT4-fs (sda1): INFO: recovery required on readonly filesystem
[    7.606832] EXT4-fs (sda1): write access will be enabled during recovery
[    7.851930] EXT4-fs (sda1): recovery complete
[    7.859388] EXT4-fs (sda1): mounted filesystem with ordered data mode. Opts: (null)
done.
Begin: Running /scripts/local-bottom ... done.
Begin: Running /scripts/init-bottom ... done.
[    8.097925] systemd[1]: systemd 229 running in system mode. (+PAM +AUDIT +SELINUX +IMA +APPARMOR +SMACK +SYSVINIT +UTMP +LIBCRYPTSETUP +GCRYPT +GNUTLS +ACL +XZ -LZ4 +SECCOMP +BLKID +ELFUTILS +KMOD -IDN)
[    8.110171] systemd[1]: Detected virtualization oracle.
[    8.114773] systemd[1]: Detected architecture x86-64.

Welcome to [1mUbuntu 16.04.7 LTS[0m!

[    8.126042] systemd[1]: Set hostname to <ubuntu-xenial>.
[    8.417654] random: nonblocking pool is initialized
[    8.439345] systemd[1]: Listening on Journal Audit Socket.
[[0;32m  OK  [0m] Listening on Journal Audit Socket.
[    8.445290] systemd[1]: Reached target User and Group Name Lookups.
[[0;32m  OK  [0m] Reached target User and Group Name Lookups.
[    8.451312] systemd[1]: Reached target Swap.
[[0;32m  OK  [0m] Reached target Swap.
[    8.456708] systemd[1]: Listening on udev Control Socket.
[[0;32m  OK  [0m] Listening on udev Control Socket.
[    8.464001] systemd[1]: Created slice System Slice.
[[0;32m  OK  [0m] Created slice System Slice.
[    8.471784] systemd[1]: Created slice system-serial\x2dgetty.slice.
[[0;32m  OK  [0m] Created slice system-serial\x2dgetty.slice.
[    8.479107] systemd[1]: Listening on Device-mapper event daemon FIFOs.
[[0;32m  OK  [0m] Listening on Device-mapper event daemon FIFOs.
[    8.485948] systemd[1]: Started Forward Password Requests to Wall Directory Watch.
[[0;32m  OK  [0m] Started Forward Password Requests to Wall Directory Watch.
[    8.494406] systemd[1]: Listening on LVM2 metadata daemon socket.
[[0;32m  OK  [0m] Listening on LVM2 metadata daemon socket.
[    8.501297] systemd[1]: Listening on Syslog Socket.
[[0;32m  OK  [0m] Listening on Syslog Socket.
[    8.509550] systemd[1]: Listening on fsck to fsckd communication Socket.
[[0;32m  OK  [0m] Listening on fsck to fsckd communication Socket.
[    8.516990] systemd[1]: Reached target Encrypted Volumes.
[[0;32m  OK  [0m] Reached target Encrypted Volumes.
[    8.523550] systemd[1]: Listening on /dev/initctl Compatibility Named Pipe.
[[0;32m  OK  [0m] Listening on /dev/initctl Compatibility Named Pipe.
[    8.531644] systemd[1]: Listening on Journal Socket.
[[0;32m  OK  [0m] Listening on Journal Socket.
[    8.545854] systemd[1]: Starting Set console keymap...
         Starting Set console keymap...
[    8.555016] systemd[1]: Starting File System Check on Root Device...
         Starting File System Check on Root Device...
[    8.570966] systemd[1]: Starting Uncomplicated firewall...
         Starting Uncomplicated firewall...
[    8.581408] systemd[1]: Mounting Debug File System...
         Mounting Debug File System...
[    8.596311] systemd[1]: Mounting Huge Pages File System...
         Mounting Huge Pages File System...
[    8.614604] systemd[1]: Starting Load Kernel Modules...
         Starting Load Kernel Modules...
[    8.627263] systemd[1]: Mounting POSIX Message Queue File System...
         Mounting POSIX Message Queue File System...
[    8.640268] systemd[1]: Starting Create list of required static device nodes for the current kernel...
[    8.648631] Loading iSCSI transport class v2.0-870.
         Starting Create list of required st... nodes for the current kernel...
[    8.661298] systemd[1]: Starting Monitoring of LVM2 mirrors, snapshots etc. using dmeventd or progress polling...
         Starting Monitoring of LVM2 mirrors... dmeventd or progress polling...
[    8.688062] systemd[1]: Set up automount Arbitrary Executable File Formats File System Automount Point.
[[0;32m  OK  [0m] Set up automount Arbitrary Executab...ats File System Automount Point.
[    8.704363] systemd[1]: Listening on LVM2 poll daemon socket.
[[0;32m  OK  [0m] Listening on LVM2 poll daemon socket.
[    8.714113] systemd[1]: Created slice User and Session Slice.
[[0;32m  OK  [0m] Created slice User and Session Slice.
[    8.722198] systemd[1]: Reached target Slices.
[[0;32m  OK  [0m] Reached target Slices.
[    8.736556] iscsi: registered transport (tcp)
[    8.742175] systemd[1]: Created slice system-postgresql.slice.
[[0;32m  OK  [0m] Created slice system-postgresql.slice.
[    8.749929] systemd[1]: Listening on udev Kernel Socket.
[[0;32m  OK  [0m] Listening on udev Kernel Socket.
[    8.774375] systemd[1]: Starting Nameserver information manager...
         Starting Nameserver information manager...
[    8.789408] systemd[1]: Started Trigger resolvconf update for networkd DNS.
[[0;32m  OK  [0m] Started Trigger resolvconf update for networkd DNS.
[    8.797928] systemd[1]: Reached target System Time Synchronized.
[[0;32m  OK  [0m] Reached target System Time Synchronized.
[    8.808544] systemd[1]: Listening on Journal Socket (/dev/log).
[[0;32m  OK  [0m] Listening on Journal Socket (/dev/log).
[    8.833182] systemd[1]: Starting Journal Service...
         Starting Journal Service...
[    8.848445] systemd[1]: Mounted POSIX Message Queue File System.
[[0;32m  OK  [0m] Mounted POSIX Message Queue File System.
[    8.860425] systemd[1]: Mounted Debug File System.
[[0;32m  OK  [0m] Mounted Debug File System.
[    8.872248] iscsi: registered transport (iser)
[    8.878957] systemd[1]: Mounted Huge Pages File System.
[[0;32m  OK  [0m] Mounted Huge Pages File System.
[    8.887607] systemd[1]: Started File System Check on Root Device.
[[0;32m  OK  [0m] Started File System Check on Root Device.
[    8.896393] systemd[1]: Started Uncomplicated firewall.
[[0;32m  OK  [0m] Started Uncomplicated firewall.
[    8.906920] systemd[1]: Started Load Kernel Modules.
[[0;32m  OK  [0m] Started Load Kernel Modules.
[    8.914716] systemd[1]: Started Create list of required static device nodes for the current kernel.
[[0;32m  OK  [0m] Started Create list of required sta...ce nodes for the current kernel.
[    8.962941] systemd[1]: Started Set console keymap.
[[0;32m  OK  [0m] Started Set console keymap.
[    8.973943] systemd[1]: Started Nameserver information manager.
[[0;32m  OK  [0m] Started Nameserver information manager.
[    8.989127] systemd[1]: Started Journal Service.
[[0;32m  OK  [0m] Started Journal Service.
[[0;32m  OK  [0m] Started LVM2 metadata daemon.
[[0;32m  OK  [0m] Started File System Check Daemon to report status.
         Starting Create Static Device Nodes in /dev...
         Starting Apply Kernel Variables...
         Mounting FUSE Control File System...
         Starting Remount Root and Kernel File Systems...
[[0;32m  OK  [0m] Mounted FUSE Control File System.
[    9.090959] EXT4-fs (sda1): re-mounted. Opts: (null)
[[0;32m  OK  [0m] Started Remount Root and Kernel File Systems.
         Starting Flush Journal to Persistent Storage...
         Starting udev Coldplug all Devices...
         Starting Load/Save Random Seed...
[[0;32m  OK  [0m] Started Create Static Device Nodes in /dev.
[[0;32m  OK  [0m] Started Apply Kernel Variables.
[[0;32m  OK  [0m] Started Load/Save Random Seed.
         Starting udev Kernel Device Manager...
[[0;32m  OK  [0m] Started Flush Journal to Persistent Storage.
[[0;32m  OK  [0m] Started udev Kernel Device Manager.
[[0;32m  OK  [0m] Started udev Coldplug all Devices.
[[0;32m  OK  [0m] Started Dispatch Password Requests to Console Directory Watch.
[[0;32m  OK  [0m] Started Monitoring of LVM2 mirrors,...ng dmeventd or progress polling.
[[0;32m  OK  [0m] Reached target Local File Systems (Pre).
[[0;32m  OK  [0m] Reached target Local File Systems.
         Starting LSB: AppArmor initialization...
         Starting Tell Plymouth To Write Out Runtime Data...
         Starting Initial cloud-init job (pre-networking)...
         Starting Create Volatile Files and Directories...
         Starting Set console font and keymap...
[[0;32m  OK  [0m] Started Tell Plymouth To Write Out Runtime Data.
[[0;32m  OK  [0m] Started Create Volatile Files and Directories.
         Starting Update UTMP about System Boot/Shutdown...
[[0;32m  OK  [0m] Started Update UTMP about System Boot/Shutdown.
[[0;32m  OK  [0m] Started LSB: AppArmor initialization.
[[0;32m  OK  [0m] Found device /dev/ttyS0.
         Starting Load AppArmor profiles managed internally by snapd...
[[0;32m  OK  [0m] Started Load AppArmor profiles managed internally by snapd.
[[0;32m  OK  [0m] Listening on Load/Save RF Kill Switch Status /dev/rfkill Watch.
[[0;32m  OK  [0m] Found device 82540EM Gigabit Ethern...r (PRO/1000 MT Desktop Adapter).
[   12.453614] cloud-init[503]: Cloud-init v. 21.1-19-gbad84ad4-0ubuntu1~16.04.2 running 'init-local' at Tue, 10 Aug 2021 01:10:43 +0000. Up 11.54 seconds.
[[0;32m  OK  [0m] Started Initial cloud-init job (pre-networking).
[[0;32m  OK  [0m] Reached target Network (Pre).
         Starting Raise network interfaces...
[[0;32m  OK  [0m] Started ifup for enp0s3.
[[0;32m  OK  [0m] Started Set console font and keymap.
[[0;32m  OK  [0m] Created slice system-getty.slice.
[[0;32m  OK  [0m] Started Raise network interfaces.
         Starting Initial cloud-init job (metadata service crawler)...
[[0;32m  OK  [0m] Reached target Network.
[   15.736781] cloud-init[991]: Cloud-init v. 21.1-19-gbad84ad4-0ubuntu1~16.04.2 running 'init' at Tue, 10 Aug 2021 01:10:46 +0000. Up 15.01 seconds.
[   15.741488] cloud-init[991]: ci-info: ++++++++++++++++++++++++++++++++++++++Net device info++++++++++++++++++++++++++++++++++++++
[   15.752695] cloud-init[991]: ci-info: +--------+------+----------------------------+---------------+--------+-------------------+
[   15.761026] cloud-init[991]: ci-info: | Device |  Up  |          Address           |      Mask     | Scope  |     Hw-Address    |
[   15.766226] cloud-init[991]: ci-info: +--------+------+----------------------------+---------------+--------+-------------------+
[   15.770580] cloud-init[991]: ci-info: | enp0s3 | True |         10.0.2.15          | 255.255.255.0 | global | 02:ed:98:3c:8e:82 |
[   15.775146] cloud-init[991]: ci-info: | enp0s3 | True | fe80::ed:98ff:fe3c:8e82/64 |       .       |  link  | 02:ed:98:3c:8e:82 |
[   15.780852] cloud-init[991]: ci-info: |   lo   | True |         127.0.0.1          |   255.0.0.0   |  host  |         .         |
[   15.785608] cloud-init[991]: ci-info: |   lo   | True |          ::1/128           |       .       |  host  |         .         |
[   15.790379] cloud-init[991]: ci-info: +--------+------+----------------------------+---------------+--------+-------------------+
[   15.795722] cloud-init[991]: ci-info: +++++++++++++++++++++++++++Route IPv4 info++++++++++++++++++++++++++++
[   15.799922] cloud-init[991]: ci-info: +-------+-------------+----------+---------------+-----------+-------+
[   15.804225] cloud-init[991]: ci-info: | Route | Destination | Gateway  |    Genmask    | Interface | Flags |
[   15.813282] cloud-init[991]: ci-info: +-------+-------------+----------+---------------+-----------+-------+
[   15.817463] cloud-init[991]: ci-info: |   0   |   0.0.0.0   | 10.0.2.2 |    0.0.0.0    |   enp0s3  |   UG  |
[   15.821879] cloud-init[991]: ci-info: |   1   |   10.0.2.0  | 0.0.0.0  | 255.255.255.0 |   enp0s3  |   U   |
[   15.826810] cloud-init[991]: ci-info: +-------+-------------+----------+---------------+-----------+-------+
[   15.833006] cloud-init[991]: ci-info: +++++++++++++++++++Route IPv6 info+++++++++++++++++++
[   15.841029] cloud-init[991]: ci-info: +-------+-------------+---------+-----------+-------+
[   15.848895] cloud-init[991]: ci-info: | Route | Destination | Gateway | Interface | Flags |
[   15.852547] cloud-init[991]: ci-info: +-------+-------------+---------+-----------+-------+
[   15.855650] cloud-init[991]: ci-info: |   0   |  fe80::/64  |    ::   |   enp0s3  |   U   |
[   15.859682] cloud-init[991]: ci-info: |   4   |   ff00::/8  |    ::   |   enp0s3  |   U   |
[   15.869540] cloud-init[991]: ci-info: +-------+-------------+---------+-----------+-------+
[[0;32m  OK  [0m] Started Initial cloud-init job (metadata service crawler).
[[0;32m  OK  [0m] Reached target System Initialization.
[[0;32m  OK  [0m] Listening on D-Bus System Message Bus Socket.
[[0;32m  OK  [0m] Started Daily Cleanup of Temporary Directories.
         Starting LXD - unix socket.
[[0;32m  OK  [0m] Started Daily apt download activities.
[[0;32m  OK  [0m] Started Ubuntu Advantage update messaging.
[[0;32m  OK  [0m] Started Daily apt upgrade and clean activities.
[[0;32m  OK  [0m] Started ACPI Events Check.
[[0;32m  OK  [0m] Reached target Paths.
[[0;32m  OK  [0m] Started Message of the Day.
[[0;32m  OK  [0m] Reached target Timers.
[[0;32m  OK  [0m] Listening on UUID daemon activation socket.
         Starting Socket activation for snappy daemon.
[[0;32m  OK  [0m] Listening on ACPID Listen Socket.
[[0;32m  OK  [0m] Reached target Cloud-config availability.
[[0;32m  OK  [0m] Reached target Network is Online.
         Starting iSCSI initiator daemon (iscsid)...
[[0;32m  OK  [0m] Listening on LXD - unix socket.
[[0;32m  OK  [0m] Listening on Socket activation for snappy daemon.
[[0;32m  OK  [0m] Reached target Sockets.
[[0;32m  OK  [0m] Reached target Basic System.
[[0;32m  OK  [0m] Started FUSE filesystem for LXC.
[[0;32m  OK  [0m] Started Deferred execution scheduler.
         Starting System Logging Service...
         Starting /etc/rc.local Compatibility...
         Starting Login Service...
         Starting Snap Daemon...
         Starting Message of the Day...
         Starting PostgreSQL Cluster 9.5-main...
         Starting LSB: MD monitoring daemon...
         Starting Virtualbox guest utils...
         Starting LXD - container startup/shutdown...
[[0;32m  OK  [0m] Started Regular background program processing daemon.
[[0;32m  OK  [0m] Started D-Bus System Message Bus.
         Starting OpenBSD Secure Shell server...
         Starting LSB: Record successful boot for GRUB...
         Starting Accounts Service...
[[0;32m  OK  [0m] Started ACPI event daemon.
[[0;32m  OK  [0m] Started System Logging Service.
[[0;32m  OK  [0m] Started iSCSI initiator daemon (iscsid).
[[0;32m  OK  [0m] Started /etc/rc.local Compatibility.
[[0;32m  OK  [0m] Started Message of the Day.
         Starting Login to default iSCSI targets...
[[0;32m  OK  [0m] Started Login Service.
[[0;32m  OK  [0m] Started Unattended Upgrades Shutdown.
[[0;32m  OK  [0m] Started LSB: Record successful boot for GRUB.
[[0;32m  OK  [0m] Started LXD - container startup/shutdown.
[[0;32m  OK  [0m] Started OpenBSD Secure Shell server.
[[0;32m  OK  [0m] Started Login to default iSCSI targets.
[[0;32m  OK  [0m] Reached target Remote File Systems (Pre).
         Mounting /vagrant...
         Mounting /home/vagrant/workspace...
[[0;1;31mFAILED[0m] Failed to mount /home/vagrant/workspace.
See 'systemctl status home-vagrant-workspace.mount' for details.
[[0;1;33mDEPEND[0m] Dependency failed for Remote File Systems.
         Starting LSB: automatic crash report generation...
         Starting LSB: Start/stop sysstat's sadc...
         Starting LSB: Set the CPU Frequency Scaling governor to "ondemand"...
         Starting LSB: daemon to balance interrupts for SMP systems...
         Starting Permit User Sessions...
[[0;1;31mFAILED[0m] Failed to mount /vagrant.
See 'systemctl status vagrant.mount' for details.
[[0;32m  OK  [0m] Started Permit User Sessions.
         Starting Hold until boot process finishes up...
         Starting Terminate Plymouth Boot Screen...
[[0;32m  OK  [0m] Started LSB: MD monitoring daemon.
[[0;32m  OK  [0m] Started Hold until boot process finishes up.
[[0;32m  OK  [0m] Started Terminate Plymouth Boot Screen.
         Starting Authenticate and Authorize Users to Run Privileged Tasks...
         Starting Set console scheme...
[[0;32m  OK  [0m] Started Serial Getty on ttyS0.
[[0;32m  OK  [0m] Started Getty on tty1.
[[0;32m  OK  [0m] Reached target Login Prompts.
[[0;32m  OK  [0m] Started LSB: Start/stop sysstat's sadc.
[[0;32m  OK  [0m] Started LSB: Set the CPU Frequency Scaling governor to "ondemand".
[[0;32m  OK  [0m] Started Set console scheme.
[[0;32m  OK  [0m] Started LSB: daemon to balance interrupts for SMP systems.
[[0;32m  OK  [0m] Started Authenticate and Authorize Users to Run Privileged Tasks.
[[0;32m  OK  [0m] Started Accounts Service.
[[0;32m  OK  [0m] Started LSB: automatic crash report generation.
[[0;32m  OK  [0m] Started Virtualbox guest utils.
[[0;32m  OK  [0m] Started Snap Daemon.
         Starting Wait until snapd is fully seeded...
[[0;32m  OK  [0m] Started Wait until snapd is fully seeded.
         Starting Apply the settings specified in cloud-config...
[[0;32m  OK  [0m] Created slice User Slice of vagrant.
         Starting User Manager for UID 1000...
[[0;32m  OK  [0m] Started Session 1 of user vagrant.
[[0;32m  OK  [0m] Started User Manager for UID 1000.
[   19.794839] cloud-init[1271]: Cloud-init v. 21.1-19-gbad84ad4-0ubuntu1~16.04.2 running 'modules:config' at Tue, 10 Aug 2021 01:10:51 +0000. Up 19.35 seconds.
[[0;32m  OK  [0m] Started Apply the settings specified in cloud-config.
[[0;32m  OK  [0m] Started PostgreSQL Cluster 9.5-main.
         Starting PostgreSQL RDBMS...
[[0;32m  OK  [0m] Started PostgreSQL RDBMS.
[[0;32m  OK  [0m] Reached target Multi-User System.
[[0;32m  OK  [0m] Reached target Graphical Interface.
         Starting Execute cloud user/final scripts...
         Starting Update UTMP about System Runlevel Changes...
[[0;32m  OK  [0m] Started Update UTMP about System Runlevel Changes.
[   21.976430] cloud-init[1373]: Cloud-init v. 21.1-19-gbad84ad4-0ubuntu1~16.04.2 running 'modules:final' at Tue, 10 Aug 2021 01:10:53 +0000. Up 21.46 seconds.
[   22.013298] cloud-init[1373]: Cloud-init v. 21.1-19-gbad84ad4-0ubuntu1~16.04.2 finished at Tue, 10 Aug 2021 01:10:53 +0000. Datasource DataSourceNoCloud [seed=/dev/sdb][dsmode=net].  Up 21.92 seconds

Ubuntu 16.04.7 LTS ubuntu-xenial ttyS0

ubuntu-xenial login: 